#-----------------------------------------------------------
# Vivado v2019.1 (64-bit)
# SW Build 2552052 on Fri May 24 14:49:42 MDT 2019
# IP Build 2548770 on Fri May 24 18:01:18 MDT 2019
# Start of session at: Thu Nov 11 11:44:54 2021
# Process ID: 20772
# Current directory: F:/General_Platform/fpga/demo_mcu
# Command line: vivado.exe -gui_launcher_event rodinguilauncherevent3744 F:\General_Platform\fpga\demo_mcu\demo_mcu.xpr
# Log file: F:/General_Platform/fpga/demo_mcu/vivado.log
# Journal file: F:/General_Platform/fpga/demo_mcu\vivado.jou
#-----------------------------------------------------------
start_gui
open_project F:/General_Platform/fpga/demo_mcu/demo_mcu.xpr
Scanning sources...
Finished scanning sources
INFO: [IP_Flow 19-234] Refreshing IP repositories
INFO: [IP_Flow 19-1704] No user IP repositories specified
INFO: [IP_Flow 19-2313] Loaded Vivado IP repository 'D:/Xilinx/Vivado/2019.1/data/ip'.
open_project: Time (s): cpu = 00:00:10 ; elapsed = 00:00:05 . Memory (MB): peak = 803.164 ; gain = 122.457
update_compile_order -fileset sources_1
open_hw
connect_hw_server
INFO: [Labtools 27-2285] Connecting to hw_server url TCP:localhost:3121
open_hw_target
INFO: [Labtoolstcl 44-466] Opening hw_target localhost:3121/xilinx_tcf/Digilent/210512180081
ERROR: [Labtools 27-2269] No devices detected on target localhost:3121/xilinx_tcf/Digilent/210512180081.
Check cable connectivity and that the target board is powered up then
use the disconnect_hw_server and connect_hw_server to re-register this hardware target.
ERROR: [Common 17-39] 'open_hw_target' failed due to earlier errors.
INFO: [Labtools 27-1435] Device xc7a100t (JTAG device index = 0) is not programmed (DONE status = 0).
WARNING: [Labtoolstcl 44-129] No matching hw_ila_data was found.
refresh_hw_device [lindex [get_hw_devices xc7a100t_0] 0]
INFO: [Labtools 27-1435] Device xc7a100t (JTAG device index = 0) is not programmed (DONE status = 0).
refresh_hw_device [lindex [get_hw_devices xc7a100t_0] 0]
INFO: [Labtools 27-1435] Device xc7a100t (JTAG device index = 0) is not programmed (DONE status = 0).
set_property PROBES.FILE {} [get_hw_devices xc7a100t_0]
set_property FULL_PROBES.FILE {} [get_hw_devices xc7a100t_0]
set_property PROGRAM.FILE {F:/General_Platform/fpga/demo_mcu/demo_mcu.runs/impl_1/bd_mcu_wrapper.bit} [get_hw_devices xc7a100t_0]
program_hw_devices [get_hw_devices xc7a100t_0]
INFO: [Labtools 27-3164] End of startup status: HIGH
refresh_hw_device [lindex [get_hw_devices xc7a100t_0] 0]
INFO: [Labtools 27-1434] Device xc7a100t (JTAG device index = 0) is programmed with a design that has no supported debug core(s) in it.
set_property PROBES.FILE {} [get_hw_devices xc7a100t_0]
set_property FULL_PROBES.FILE {} [get_hw_devices xc7a100t_0]
set_property PROGRAM.FILE {F:/General_Platform/fpga/demo_mcu/demo_mcu.runs/impl_1/bd_mcu_wrapper.bit} [get_hw_devices xc7a100t_0]
program_hw_devices [get_hw_devices xc7a100t_0]
INFO: [Labtools 27-3164] End of startup status: HIGH
refresh_hw_device [lindex [get_hw_devices xc7a100t_0] 0]
INFO: [Labtools 27-1434] Device xc7a100t (JTAG device index = 0) is programmed with a design that has no supported debug core(s) in it.
launch_sdk -workspace F:/General_Platform/fpga/demo_mcu/demo_mcu.sdk -hwspec F:/General_Platform/fpga/demo_mcu/demo_mcu.sdk/bd_mcu_wrapper.hdf
INFO: [Vivado 12-393] Launching SDK...
INFO: [Vivado 12-417] Running xsdk -workspace F:/General_Platform/fpga/demo_mcu/demo_mcu.sdk -hwspec F:/General_Platform/fpga/demo_mcu/demo_mcu.sdk/bd_mcu_wrapper.hdf
INFO: [Vivado 12-3157] SDK launch initiated. Please check console for any further messages.
ERROR: [Labtoolstcl 44-513] HW Target shutdown. Closing target: localhost:3121/xilinx_tcf/Digilent/210512180081
reset_run synth_1
launch_runs impl_1 -to_step write_bitstream -jobs 16
[Thu Nov 11 12:29:37 2021] Launched synth_1...
Run output will be captured here: F:/General_Platform/fpga/demo_mcu/demo_mcu.runs/synth_1/runme.log
[Thu Nov 11 12:29:38 2021] Launched impl_1...
Run output will be captured here: F:/General_Platform/fpga/demo_mcu/demo_mcu.runs/impl_1/runme.log
write_hwdef -force  -file F:/General_Platform/fpga/demo_mcu/demo_mcu.sdk/bd_mcu_wrapper.hdf
exit
INFO: [Common 17-206] Exiting Vivado at Thu Nov 11 12:36:58 2021...
