Copyright 1986-2019 Xilinx, Inc. All Rights Reserved.
-------------------------------------------------------------------------------------------
| Tool Version : Vivado v.2019.1 (win64) Build 2552052 Fri May 24 14:49:42 MDT 2019
| Date         : Tue Mar  1 12:27:20 2022
| Host         : DESKTOP-9H84E9K running 64-bit major release  (build 9200)
| Command      : report_control_sets -verbose -file bd_mcu_wrapper_control_sets_placed.rpt
| Design       : bd_mcu_wrapper
| Device       : xc7a100t
-------------------------------------------------------------------------------------------

Control Set Information

Table of Contents
-----------------
1. Summary
2. Histogram
3. Flip-Flop Distribution
4. Detailed Control Set Information

1. Summary
----------

+----------------------------------------------------------+-------+
|                          Status                          | Count |
+----------------------------------------------------------+-------+
| Total control sets                                       |   104 |
|    Minimum number of control sets                        |   104 |
|    Addition due to synthesis replication                 |     0 |
|    Addition due to physical synthesis replication        |     0 |
| Unused register locations in slices containing registers |   339 |
+----------------------------------------------------------+-------+
* Control sets can be merged at opt_design using control_set_merge or merge_equivalent_drivers
** Run report_qor_suggestions for automated merging and remapping suggestions


2. Histogram
------------

+--------------------+-------+
|       Fanout       | Count |
+--------------------+-------+
| Total control sets |   104 |
| >= 0 to < 4        |    13 |
| >= 4 to < 6        |    19 |
| >= 6 to < 8        |    10 |
| >= 8 to < 10       |    24 |
| >= 10 to < 12      |     5 |
| >= 12 to < 14      |     1 |
| >= 14 to < 16      |     1 |
| >= 16              |    31 |
+--------------------+-------+
* Control sets can be remapped at either synth_design or opt_design


3. Flip-Flop Distribution
-------------------------

+--------------+-----------------------+------------------------+-----------------+--------------+
| Clock Enable | Synchronous Set/Reset | Asynchronous Set/Reset | Total Registers | Total Slices |
+--------------+-----------------------+------------------------+-----------------+--------------+
| No           | No                    | No                     |             236 |           91 |
| No           | No                    | Yes                    |              29 |            8 |
| No           | Yes                   | No                     |             440 |          165 |
| Yes          | No                    | No                     |             219 |           61 |
| Yes          | No                    | Yes                    |              15 |            8 |
| Yes          | Yes                   | No                     |             906 |          281 |
+--------------+-----------------------+------------------------+-----------------+--------------+


4. Detailed Control Set Information
-----------------------------------

+--------------------------------------------------------------+----------------------------------------------------------------------------------------------------------------------------------------------------------------------------------------------------------+----------------------------------------------------------------------------------------------------------------------------------------------+------------------+----------------+
|                         Clock Signal                         |                                                                                               Enable Signal                                                                                              |                                                               Set/Reset Signal                                                               | Slice Load Count | Bel Load Count |
+--------------------------------------------------------------+----------------------------------------------------------------------------------------------------------------------------------------------------------------------------------------------------------+----------------------------------------------------------------------------------------------------------------------------------------------+------------------+----------------+
|  bd_mcu_i/clk_wiz_1/inst/clk_out1                            |                                                                                                                                                                                                          | bd_mcu_i/microblaze_0/U0/MicroBlaze_Core_I/Performance.Core/Use_Debug_Logic.Master_Core.Debug_Perf/capture_1                                 |                1 |              1 |
| ~bd_mcu_i/mdm_1/U0/No_Dbg_Reg_Access.BUFG_DRCK/Ext_JTAG_DRCK | bd_mcu_i/mdm_1/U0/MDM_Core_I1/JTAG_CONTROL_I/Use_BSCAN.FDC_I/CE                                                                                                                                          | bd_mcu_i/mdm_1/U0/MDM_Core_I1/JTAG_CONTROL_I/Use_BSCAN.FDC_I/D_1                                                                             |                1 |              1 |
|  bd_mcu_i/mdm_1/U0/No_Dbg_Reg_Access.BUFG_DRCK/Ext_JTAG_DRCK | bd_mcu_i/mdm_1/U0/Use_E2.BSCAN_I/Use_BSCAN.PORT_Selector_reg[0]                                                                                                                                          | bd_mcu_i/mdm_1/U0/MDM_Core_I1/JTAG_CONTROL_I/sel_with_scan_reset19_out                                                                       |                1 |              1 |
|  bd_mcu_i/clk_wiz_1/inst/clk_out1                            | bd_mcu_i/axi_iic_0/U0/X_IIC/REG_INTERFACE_I/p_3_in                                                                                                                                                       | bd_mcu_i/axi_iic_0/U0/X_IIC/REG_INTERFACE_I/Tx_fifo_rst                                                                                      |                1 |              1 |
| ~bd_mcu_i/mdm_1/U0/Use_E2.BSCAN_I/Dbg_Update_0               |                                                                                                                                                                                                          | bd_mcu_i/mdm_1/U0/MDM_Core_I1/JTAG_CONTROL_I/sel_n                                                                                           |                1 |              1 |
|  bd_mcu_i/mdm_1/U0/Use_E2.BSCAN_I/Dbg_Update_0               | bd_mcu_i/microblaze_0/U0/MicroBlaze_Core_I/Performance.Core/Use_Debug_Logic.Master_Core.Debug_Perf/Control_Reg_En                                                                                        | bd_mcu_i/microblaze_0/U0/MicroBlaze_Core_I/Performance.Core/Use_Debug_Logic.Master_Core.Debug_Perf/start_single_step_reg_n_0                 |                1 |              1 |
|  bd_mcu_i/mdm_1/U0/Use_E2.BSCAN_I/Dbg_Update_0               | bd_mcu_i/microblaze_0/U0/MicroBlaze_Core_I/Performance.Core/Use_Debug_Logic.Master_Core.Debug_Perf/Control_Reg_En                                                                                        | bd_mcu_i/microblaze_0/U0/MicroBlaze_Core_I/Performance.Core/Use_Debug_Logic.Master_Core.Debug_Perf/Serial_Dbg_Intf.force_stop_cmd_i_reg_0    |                1 |              1 |
|  bd_mcu_i/mdm_1/U0/Use_E2.BSCAN_I/Dbg_Update_0               | bd_mcu_i/microblaze_0/U0/MicroBlaze_Core_I/Performance.Core/Use_Debug_Logic.Master_Core.Debug_Perf/Control_Reg_En                                                                                        | bd_mcu_i/microblaze_0/U0/MicroBlaze_Core_I/Performance.Core/Use_Debug_Logic.Master_Core.Debug_Perf/Serial_Dbg_Intf.normal_stop_cmd_i_reg_n_0 |                1 |              1 |
|  bd_mcu_i/mdm_1/U0/Use_E2.BSCAN_I/Dbg_Update_0               | bd_mcu_i/microblaze_0/U0/MicroBlaze_Core_I/Performance.Core/Use_Debug_Logic.Master_Core.Debug_Perf/Control_Reg_En                                                                                        | bd_mcu_i/microblaze_0/U0/MicroBlaze_Core_I/Performance.Core/Use_Debug_Logic.Master_Core.Debug_Perf/Serial_Dbg_Intf.continue_from_brk_reg_n_0 |                1 |              1 |
|  bd_mcu_i/clk_wiz_1/inst/clk_out1                            | bd_mcu_i/microblaze_0/U0/MicroBlaze_Core_I/Performance.Core/Decode_I/Use_MuxCy[11].OF_Piperun_Stage/MUXCY_I/of_pause_reg                                                                                 |                                                                                                                                              |                1 |              2 |
|  bd_mcu_i/clk_wiz_1/inst/clk_out1                            | bd_mcu_i/axi_iic_0/U0/X_IIC/WRITE_FIFO_CTRL_I/CI                                                                                                                                                         |                                                                                                                                              |                1 |              2 |
|  bd_mcu_i/mdm_1/U0/Use_E2.BSCAN_I/Dbg_Update_0               | bd_mcu_i/microblaze_0/U0/MicroBlaze_Core_I/Performance.Core/Use_Debug_Logic.Master_Core.Debug_Perf/Command_Reg_En                                                                                        | bd_mcu_i/microblaze_0/U0/MicroBlaze_Core_I/Performance.Core/Use_Debug_Logic.Master_Core.Debug_Perf/command_reg_clear                         |                1 |              2 |
|  bd_mcu_i/mdm_1/U0/Use_E2.BSCAN_I/Dbg_Update_0               |                                                                                                                                                                                                          |                                                                                                                                              |                2 |              3 |
|  bd_mcu_i/clk_wiz_1/inst/clk_out1                            | bd_mcu_i/axi_iic_0/U0/X_IIC/IIC_CONTROL_I/FSM_sequential_scl_state[3]_i_2_n_0                                                                                                                            | bd_mcu_i/axi_iic_0/U0/X_IIC/REG_INTERFACE_I/cr_i_reg[7]_0                                                                                    |                3 |              4 |
|  bd_mcu_i/clk_wiz_1/inst/clk_out1                            |                                                                                                                                                                                                          | bd_mcu_i/axi_gpio_0/U0/AXI_LITE_IPIF_I/I_SLAVE_ATTACHMENT/clear                                                                              |                1 |              4 |
|  bd_mcu_i/clk_wiz_1/inst/clk_out1                            | bd_mcu_i/axi_iic_0/U0/X_IIC/IIC_CONTROL_I/BITCNT/q_int[0]_i_1__1_n_0                                                                                                                                     | bd_mcu_i/axi_iic_0/U0/X_IIC/REG_INTERFACE_I/cr_i_reg[7]_0                                                                                    |                2 |              4 |
|  bd_mcu_i/clk_wiz_1/inst/clk_out1                            | bd_mcu_i/axi_gpio_0/U0/AXI_LITE_IPIF_I/I_SLAVE_ATTACHMENT/start2                                                                                                                                         | bd_mcu_i/axi_gpio_0/U0/AXI_LITE_IPIF_I/I_SLAVE_ATTACHMENT/I_DECODER/cs_ce_clr                                                                |                1 |              4 |
|  bd_mcu_i/clk_wiz_1/inst/clk_out1                            |                                                                                                                                                                                                          | bd_mcu_i/axi_iic_0/U0/X_IIC/X_AXI_IPIF_SSP1/AXI_LITE_IPIF_I/I_SLAVE_ATTACHMENT/INCLUDE_DPHASE_TIMER.dpto_cnt[3]_i_1_n_0                      |                1 |              4 |
|  bd_mcu_i/mdm_1/U0/No_Dbg_Reg_Access.BUFG_DRCK/Ext_JTAG_DRCK | bd_mcu_i/mdm_1/U0/MDM_Core_I1/p_3_out                                                                                                                                                                    | bd_mcu_i/mdm_1/U0/Use_E2.BSCAN_I/AR[0]                                                                                                       |                1 |              4 |
|  bd_mcu_i/clk_wiz_1/inst/clk_out1                            | bd_mcu_i/axi_gpio_0/U0/AXI_LITE_IPIF_I/I_SLAVE_ATTACHMENT/bus2ip_addr_i[8]_i_1_n_0                                                                                                                       | bd_mcu_i/axi_gpio_0/U0/AXI_LITE_IPIF_I/I_SLAVE_ATTACHMENT/SR[0]                                                                              |                2 |              4 |
|  bd_mcu_i/clk_wiz_1/inst/clk_out1                            | bd_mcu_i/axi_iic_0/U0/X_IIC/WRITE_FIFO_I/Tx_data_exists                                                                                                                                                  | bd_mcu_i/axi_iic_0/U0/X_IIC/REG_INTERFACE_I/Tx_fifo_rst                                                                                      |                1 |              4 |
|  bd_mcu_i/clk_wiz_1/inst/clk_out1                            | bd_mcu_i/axi_uartlite_0/U0/AXI_LITE_IPIF_I/I_SLAVE_ATTACHMENT/start2                                                                                                                                     | bd_mcu_i/axi_uartlite_0/U0/AXI_LITE_IPIF_I/I_SLAVE_ATTACHMENT/I_DECODER/cs_ce_clr                                                            |                1 |              4 |
|  bd_mcu_i/clk_wiz_1/inst/clk_out1                            | bd_mcu_i/axi_iic_0/U0/X_IIC/X_AXI_IPIF_SSP1/AXI_LITE_IPIF_I/I_SLAVE_ATTACHMENT/I_DECODER/Bus2IIC_WrCE[8]                                                                                                 | bd_mcu_i/axi_iic_0/U0/X_IIC/X_AXI_IPIF_SSP1/X_SOFT_RESET/Bus2IIC_Reset                                                                       |                1 |              4 |
|  bd_mcu_i/mdm_1/U0/Use_E2.BSCAN_I/Dbg_Update_0               | bd_mcu_i/microblaze_0/U0/MicroBlaze_Core_I/Performance.Core/Use_Debug_Logic.Master_Core.Debug_Perf/Control_Reg_En                                                                                        |                                                                                                                                              |                2 |              4 |
|  bd_mcu_i/mdm_1/U0/Use_E2.BSCAN_I/Dbg_Update_0               | bd_mcu_i/mdm_1/U0/MDM_Core_I1/MDM_SEL                                                                                                                                                                    | bd_mcu_i/mdm_1/U0/Use_E2.BSCAN_I/AR[0]                                                                                                       |                1 |              4 |
| ~bd_mcu_i/mdm_1/U0/Use_E2.BSCAN_I/Dbg_Update_0               |                                                                                                                                                                                                          | bd_mcu_i/mdm_1/U0/Use_E2.BSCAN_I/AR[0]                                                                                                       |                1 |              4 |
|  bd_mcu_i/clk_wiz_1/inst/clk_out1                            | bd_mcu_i/axi_uartlite_0/U0/UARTLITE_CORE_I/BAUD_RATE_I/p_2_out[0]                                                                                                                                        |                                                                                                                                              |                2 |              4 |
|  bd_mcu_i/clk_wiz_1/inst/clk_out1                            | bd_mcu_i/axi_iic_0/U0/X_IIC/READ_FIFO_I/Rc_Data_Exists                                                                                                                                                   | bd_mcu_i/axi_iic_0/U0/X_IIC/X_AXI_IPIF_SSP1/X_SOFT_RESET/Bus2IIC_Reset                                                                       |                1 |              4 |
|  bd_mcu_i/clk_wiz_1/inst/clk_out1                            | bd_mcu_i/axi_iic_0/U0/X_IIC/WRITE_FIFO_CTRL_I/Data_Exists_DFF_0                                                                                                                                          | bd_mcu_i/axi_iic_0/U0/X_IIC/REG_INTERFACE_I/Tx_fifo_rst                                                                                      |                1 |              4 |
|  bd_mcu_i/clk_wiz_1/inst/clk_out1                            | bd_mcu_i/microblaze_0/U0/MicroBlaze_Core_I/Performance.Core/Decode_I/wb_Halted                                                                                                                           | bd_mcu_i/microblaze_0/U0/MicroBlaze_Core_I/sync_reset                                                                                        |                2 |              5 |
|  bd_mcu_i/clk_wiz_1/inst/clk_out1                            |                                                                                                                                                                                                          | bd_mcu_i/rst_clk_wiz_1_100M/U0/EXT_LPF/lpf_int                                                                                               |                2 |              5 |
|  bd_mcu_i/clk_wiz_1/inst/clk_out1                            | bd_mcu_i/axi_iic_0/U0/X_IIC/X_AXI_IPIF_SSP1/AXI_LITE_IPIF_I/I_SLAVE_ATTACHMENT/I_DECODER/Bus2IIC_WrCE[11]                                                                                                | bd_mcu_i/axi_iic_0/U0/X_IIC/X_AXI_IPIF_SSP1/X_SOFT_RESET/Bus2IIC_Reset                                                                       |                1 |              5 |
|  bd_mcu_i/clk_wiz_1/inst/clk_out1                            |                                                                                                                                                                                                          | bd_mcu_i/axi_uartlite_0/U0/UARTLITE_CORE_I/UARTLITE_TX_I/SRL_FIFO_I/I_SRL_FIFO_RBU_F/CNTR_INCR_DECR_ADDN_F_I/SS[0]                           |                2 |              6 |
|  bd_mcu_i/mdm_1/U0/No_Dbg_Reg_Access.BUFG_DRCK/Ext_JTAG_DRCK | bd_mcu_i/mdm_1/U0/Use_E2.BSCAN_I/Use_BSCAN.command_reg[5][0]                                                                                                                                             |                                                                                                                                              |                3 |              6 |
|  bd_mcu_i/clk_wiz_1/inst/clk_out1                            |                                                                                                                                                                                                          | bd_mcu_i/axi_iic_0/U0/X_IIC/X_AXI_IPIF_SSP1/X_SOFT_RESET/AXI_Bus2IP_Reset                                                                    |                2 |              6 |
|  bd_mcu_i/mdm_1/U0/No_Dbg_Reg_Access.BUFG_DRCK/Ext_JTAG_DRCK | bd_mcu_i/mdm_1/U0/MDM_Core_I1/JTAG_CONTROL_I/Use_BSCAN.FDC_I/Use_BSCAN.command_reg[5][0]                                                                                                                 |                                                                                                                                              |                1 |              6 |
|  bd_mcu_i/clk_wiz_1/inst/clk_out1                            |                                                                                                                                                                                                          | bd_mcu_i/axi_iic_0/U0/X_IIC/REG_INTERFACE_I/Tx_fifo_rst                                                                                      |                3 |              6 |
|  bd_mcu_i/clk_wiz_1/inst/clk_out1                            |                                                                                                                                                                                                          | bd_mcu_i/axi_uartlite_0/U0/UARTLITE_CORE_I/UARTLITE_RX_I/SRL_FIFO_I/I_SRL_FIFO_RBU_F/CNTR_INCR_DECR_ADDN_F_I/SS[0]                           |                2 |              6 |
|  bd_mcu_i/clk_wiz_1/inst/clk_out1                            | bd_mcu_i/rst_clk_wiz_1_100M/U0/SEQ/seq_cnt_en                                                                                                                                                            | bd_mcu_i/rst_clk_wiz_1_100M/U0/SEQ/SEQ_COUNTER/clear                                                                                         |                1 |              6 |
|  bd_mcu_i/mdm_1/U0/No_Dbg_Reg_Access.BUFG_DRCK/Ext_JTAG_DRCK | bd_mcu_i/mdm_1/U0/Use_E2.BSCAN_I/E[0]                                                                                                                                                                    |                                                                                                                                              |                1 |              6 |
|  bd_mcu_i/clk_wiz_1/inst/clk_out1                            | bd_mcu_i/axi_iic_0/U0/X_IIC/X_AXI_IPIF_SSP1/AXI_LITE_IPIF_I/I_SLAVE_ATTACHMENT/I_DECODER/Bus2IIC_WrCE[9]                                                                                                 | bd_mcu_i/axi_iic_0/U0/X_IIC/X_AXI_IPIF_SSP1/X_SOFT_RESET/Bus2IIC_Reset                                                                       |                2 |              7 |
|  bd_mcu_i/clk_wiz_1/inst/clk_out1                            | bd_mcu_i/axi_uartlite_0/U0/UARTLITE_CORE_I/BAUD_RATE_I/p_2_out[0]                                                                                                                                        | bd_mcu_i/axi_uartlite_0/U0/UARTLITE_CORE_I/UARTLITE_RX_I/SERIAL_TO_PARALLEL[8].fifo_din[8]_i_1_n_0                                           |                2 |              7 |
|  bd_mcu_i/mdm_1/U0/No_Dbg_Reg_Access.BUFG_DRCK/Ext_JTAG_DRCK | bd_mcu_i/microblaze_0/U0/MicroBlaze_Core_I/Performance.Core/Use_Debug_Logic.Master_Core.Debug_Perf/Using_PC_Breakpoints.All_PC_Brks[0].Serial_Interface_1.address_hit_I/Compare[0].SRLC16E_I/which_pc__0 |                                                                                                                                              |                7 |              8 |
| ~bd_mcu_i/mdm_1/U0/Use_E2.BSCAN_I/Dbg_Update_0               | bd_mcu_i/mdm_1/U0/MDM_Core_I1/JTAG_CONTROL_I/Use_BSCAN.command[0]_i_1_n_0                                                                                                                                |                                                                                                                                              |                2 |              8 |
|  bd_mcu_i/mdm_1/U0/No_Dbg_Reg_Access.BUFG_DRCK/Ext_JTAG_DRCK | bd_mcu_i/mdm_1/U0/MDM_Core_I1/JTAG_CONTROL_I/tdi_shifter0                                                                                                                                                |                                                                                                                                              |                2 |              8 |
|  bd_mcu_i/clk_wiz_1/inst/clk_out1                            | bd_mcu_i/axi_iic_0/U0/X_IIC/IIC_CONTROL_I/data_i2c_i0                                                                                                                                                    | bd_mcu_i/axi_iic_0/U0/X_IIC/REG_INTERFACE_I/cr_i_reg[7]_0                                                                                    |                1 |              8 |
|  bd_mcu_i/clk_wiz_1/inst/clk_out1                            | bd_mcu_i/axi_iic_0/U0/X_IIC/READ_FIFO_I/CI                                                                                                                                                               |                                                                                                                                              |                1 |              8 |
|  bd_mcu_i/clk_wiz_1/inst/clk_out1                            | bd_mcu_i/axi_iic_0/U0/X_IIC/IIC_CONTROL_I/i2c_header_en                                                                                                                                                  | bd_mcu_i/axi_iic_0/U0/X_IIC/REG_INTERFACE_I/cr_i_reg[7]_0                                                                                    |                2 |              8 |
|  bd_mcu_i/clk_wiz_1/inst/clk_out1                            | bd_mcu_i/axi_iic_0/U0/X_IIC/DYN_MASTER_I/rdByteCntr[0]_i_1_n_0                                                                                                                                           | bd_mcu_i/axi_iic_0/U0/X_IIC/REG_INTERFACE_I/Tx_fifo_rst                                                                                      |                3 |              8 |
|  bd_mcu_i/clk_wiz_1/inst/clk_out1                            | bd_mcu_i/axi_uartlite_0/U0/AXI_LITE_IPIF_I/I_SLAVE_ATTACHMENT/I_DECODER/fifo_wr                                                                                                                          |                                                                                                                                              |                1 |              8 |
|  bd_mcu_i/clk_wiz_1/inst/clk_out1                            | bd_mcu_i/axi_uartlite_0/U0/AXI_LITE_IPIF_I/I_SLAVE_ATTACHMENT/s_axi_rresp_i                                                                                                                              | bd_mcu_i/axi_uartlite_0/U0/AXI_LITE_IPIF_I/I_SLAVE_ATTACHMENT/rst                                                                            |                3 |              8 |
|  bd_mcu_i/clk_wiz_1/inst/clk_out1                            | bd_mcu_i/axi_iic_0/U0/X_IIC/WRITE_FIFO_I/CI                                                                                                                                                              |                                                                                                                                              |                1 |              8 |
|  bd_mcu_i/clk_wiz_1/inst/clk_out1                            | bd_mcu_i/axi_uartlite_0/U0/UARTLITE_CORE_I/UARTLITE_RX_I/SRL_FIFO_I/I_SRL_FIFO_RBU_F/DYNSHREG_F_I/fifo_wr                                                                                                |                                                                                                                                              |                1 |              8 |
|  bd_mcu_i/mdm_1/U0/Use_E2.BSCAN_I/Dbg_Update_0               | bd_mcu_i/mdm_1/U0/MDM_Core_I1/JTAG_CONTROL_I/Use_BSCAN.FDC_I/Use_BSCAN.PORT_Selector_reg[2][0]                                                                                                           |                                                                                                                                              |                1 |              8 |
|  bd_mcu_i/clk_wiz_1/inst/clk_out1                            | bd_mcu_i/axi_iic_0/U0/X_IIC/IIC_CONTROL_I/I2CDATA_REG/data_int[7]_i_1_n_0                                                                                                                                | bd_mcu_i/axi_iic_0/U0/X_IIC/REG_INTERFACE_I/cr_i_reg[7]_0                                                                                    |                2 |              8 |
|  bd_mcu_i/clk_wiz_1/inst/clk_out1                            | bd_mcu_i/axi_iic_0/U0/X_IIC/X_AXI_IPIF_SSP1/AXI_LITE_IPIF_I/I_SLAVE_ATTACHMENT/I_DECODER/E[0]                                                                                                            | bd_mcu_i/axi_iic_0/U0/X_IIC/X_AXI_IPIF_SSP1/X_SOFT_RESET/Bus2IIC_Reset                                                                       |                2 |              8 |
|  bd_mcu_i/clk_wiz_1/inst/clk_out1                            | bd_mcu_i/axi_iic_0/U0/X_IIC/X_AXI_IPIF_SSP1/AXI_LITE_IPIF_I/I_SLAVE_ATTACHMENT/I_DECODER/Bus2IIC_WrCE[1]                                                                                                 | bd_mcu_i/axi_iic_0/U0/X_IIC/X_AXI_IPIF_SSP1/X_SOFT_RESET/Bus2IIC_Reset                                                                       |                4 |              9 |
|  bd_mcu_i/clk_wiz_1/inst/clk_out1                            | bd_mcu_i/axi_iic_0/U0/X_IIC/X_AXI_IPIF_SSP1/AXI_LITE_IPIF_I/I_SLAVE_ATTACHMENT/I_DECODER/Bus2IIC_WrCE[5]                                                                                                 | bd_mcu_i/axi_iic_0/U0/X_IIC/X_AXI_IPIF_SSP1/X_SOFT_RESET/Bus2IIC_Reset                                                                       |                4 |              9 |
|  bd_mcu_i/clk_wiz_1/inst/clk_out1                            | bd_mcu_i/axi_iic_0/U0/X_IIC/X_AXI_IPIF_SSP1/AXI_LITE_IPIF_I/I_SLAVE_ATTACHMENT/I_DECODER/Bus2IIC_WrCE[6]                                                                                                 | bd_mcu_i/axi_iic_0/U0/X_IIC/X_AXI_IPIF_SSP1/X_SOFT_RESET/Bus2IIC_Reset                                                                       |                4 |              9 |
|  bd_mcu_i/clk_wiz_1/inst/clk_out1                            | bd_mcu_i/axi_iic_0/U0/X_IIC/X_AXI_IPIF_SSP1/AXI_LITE_IPIF_I/I_SLAVE_ATTACHMENT/I_DECODER/Bus2IIC_WrCE[0]                                                                                                 | bd_mcu_i/axi_iic_0/U0/X_IIC/X_AXI_IPIF_SSP1/X_SOFT_RESET/Bus2IIC_Reset                                                                       |                2 |              9 |
|  bd_mcu_i/clk_wiz_1/inst/clk_out1                            | bd_mcu_i/axi_iic_0/U0/X_IIC/X_AXI_IPIF_SSP1/AXI_LITE_IPIF_I/I_SLAVE_ATTACHMENT/I_DECODER/Bus2IIC_WrCE[2]                                                                                                 | bd_mcu_i/axi_iic_0/U0/X_IIC/X_AXI_IPIF_SSP1/X_SOFT_RESET/Bus2IIC_Reset                                                                       |                2 |              9 |
|  bd_mcu_i/clk_wiz_1/inst/clk_out1                            | bd_mcu_i/axi_iic_0/U0/X_IIC/X_AXI_IPIF_SSP1/AXI_LITE_IPIF_I/I_SLAVE_ATTACHMENT/I_DECODER/Bus2IIC_WrCE[4]                                                                                                 | bd_mcu_i/axi_iic_0/U0/X_IIC/X_AXI_IPIF_SSP1/X_SOFT_RESET/Bus2IIC_Reset                                                                       |                3 |              9 |
|  bd_mcu_i/clk_wiz_1/inst/clk_out1                            | bd_mcu_i/axi_iic_0/U0/X_IIC/X_AXI_IPIF_SSP1/AXI_LITE_IPIF_I/I_SLAVE_ATTACHMENT/I_DECODER/Bus2IIC_WrCE[3]                                                                                                 | bd_mcu_i/axi_iic_0/U0/X_IIC/X_AXI_IPIF_SSP1/X_SOFT_RESET/Bus2IIC_Reset                                                                       |                3 |              9 |
|  bd_mcu_i/clk_wiz_1/inst/clk_out1                            | bd_mcu_i/axi_iic_0/U0/X_IIC/IIC_CONTROL_I/CLKCNT/q_int[0]_i_1__0_n_0                                                                                                                                     | bd_mcu_i/axi_iic_0/U0/X_IIC/REG_INTERFACE_I/cr_i_reg[7]_0                                                                                    |                4 |              9 |
|  bd_mcu_i/clk_wiz_1/inst/clk_out1                            | bd_mcu_i/axi_iic_0/U0/X_IIC/IIC_CONTROL_I/SETUP_CNT/q_int[0]_i_1_n_0                                                                                                                                     | bd_mcu_i/axi_iic_0/U0/X_IIC/REG_INTERFACE_I/cr_i_reg[7]_0                                                                                    |                2 |              9 |
|  bd_mcu_i/clk_wiz_1/inst/clk_out1                            | bd_mcu_i/axi_iic_0/U0/X_IIC/X_AXI_IPIF_SSP1/AXI_LITE_IPIF_I/I_SLAVE_ATTACHMENT/I_DECODER/Bus2IIC_WrCE[7]                                                                                                 | bd_mcu_i/axi_iic_0/U0/X_IIC/X_AXI_IPIF_SSP1/X_SOFT_RESET/Bus2IIC_Reset                                                                       |                4 |              9 |
|  bd_mcu_i/clk_wiz_1/inst/clk_out1                            | bd_mcu_i/axi_iic_0/U0/X_IIC/X_AXI_IPIF_SSP1/AXI_LITE_IPIF_I/I_SLAVE_ATTACHMENT/s_axi_rresp_i                                                                                                             | bd_mcu_i/axi_iic_0/U0/X_IIC/X_AXI_IPIF_SSP1/AXI_LITE_IPIF_I/I_SLAVE_ATTACHMENT/rst                                                           |                4 |             10 |
|  bd_mcu_i/clk_wiz_1/inst/clk_out1                            | bd_mcu_i/axi_iic_0/U0/X_IIC/X_AXI_IPIF_SSP1/AXI_LITE_IPIF_I/I_SLAVE_ATTACHMENT/bus2ip_addr_i[8]_i_1_n_0                                                                                                  | bd_mcu_i/axi_iic_0/U0/X_IIC/X_AXI_IPIF_SSP1/AXI_LITE_IPIF_I/I_SLAVE_ATTACHMENT/rst                                                           |                2 |             10 |
|  bd_mcu_i/clk_wiz_1/inst/clk_out1                            |                                                                                                                                                                                                          | bd_mcu_i/axi_uartlite_0/U0/AXI_LITE_IPIF_I/I_SLAVE_ATTACHMENT/rst                                                                            |                3 |             10 |
|  bd_mcu_i/mdm_1/U0/No_Dbg_Reg_Access.BUFG_DRCK/Ext_JTAG_DRCK | bd_mcu_i/mdm_1/U0/MDM_Core_I1/JTAG_CONTROL_I/Use_BSCAN.FDC_I/E[0]                                                                                                                                        |                                                                                                                                              |                4 |             10 |
|  bd_mcu_i/clk_wiz_1/inst/clk_out1                            |                                                                                                                                                                                                          | bd_mcu_i/axi_iic_0/U0/X_IIC/X_AXI_IPIF_SSP1/AXI_LITE_IPIF_I/I_SLAVE_ATTACHMENT/rst                                                           |                4 |             11 |
|  bd_mcu_i/clk_wiz_1/inst/clk_out1                            |                                                                                                                                                                                                          | bd_mcu_i/microblaze_0_axi_periph/xbar/inst/gen_sasd.crossbar_sasd_0/addr_arbiter_inst/SR[0]                                                  |                5 |             13 |
|  bd_mcu_i/clk_wiz_1/inst/clk_out1                            | bd_mcu_i/microblaze_0_axi_periph/xbar/inst/gen_sasd.crossbar_sasd_0/reg_slice_r/aa_rready                                                                                                                |                                                                                                                                              |                8 |             15 |
|  bd_mcu_i/clk_wiz_1/inst/clk_out1                            | bd_mcu_i/microblaze_0/U0/MicroBlaze_Core_I/Performance.Core/Decode_I/PreFetch_Buffer_I1/OF_Valid_DFF/Using_FPGA.Native_1[0]                                                                              | bd_mcu_i/microblaze_0/U0/MicroBlaze_Core_I/sync_reset                                                                                        |                6 |             16 |
|  bd_mcu_i/clk_wiz_1/inst/clk_out1                            | bd_mcu_i/microblaze_0/U0/MicroBlaze_Core_I/Performance.Core/Decode_I/mem_wait_on_ready_N_carry_or/MUXCY_I/lopt_1                                                                                         | bd_mcu_i/microblaze_0/U0/MicroBlaze_Core_I/sync_reset                                                                                        |                5 |             20 |
|  bd_mcu_i/mdm_1/U0/No_Dbg_Reg_Access.BUFG_DRCK/Ext_JTAG_DRCK |                                                                                                                                                                                                          | bd_mcu_i/mdm_1/U0/Use_E2.BSCAN_I/shift_n_reset1_out                                                                                          |                5 |             23 |
|  bd_mcu_i/clk_wiz_1/inst/clk_out1                            | bd_mcu_i/axi_iic_0/U0/X_IIC/X_AXI_IPIF_SSP1/AXI_LITE_IPIF_I/I_SLAVE_ATTACHMENT/start2                                                                                                                    | bd_mcu_i/axi_iic_0/U0/X_IIC/X_AXI_IPIF_SSP1/AXI_LITE_IPIF_I/I_SLAVE_ATTACHMENT/I_DECODER/cs_ce_clr                                           |                7 |             24 |
|  bd_mcu_i/clk_wiz_1/inst/clk_out1                            |                                                                                                                                                                                                          | bd_mcu_i/axi_uartlite_0/U0/UARTLITE_CORE_I/UARTLITE_RX_I/s_axi_aresetn_0                                                                     |                9 |             26 |
|  bd_mcu_i/clk_wiz_1/inst/clk_out1                            | bd_mcu_i/axi_uartlite_0/U0/UARTLITE_CORE_I/BAUD_RATE_I/p_2_out[0]                                                                                                                                        | bd_mcu_i/axi_uartlite_0/U0/UARTLITE_CORE_I/UARTLITE_RX_I/s_axi_aresetn_0                                                                     |                5 |             28 |
|  bd_mcu_i/clk_wiz_1/inst/clk_out1                            | bd_mcu_i/microblaze_0_axi_periph/xbar/inst/gen_sasd.crossbar_sasd_0/addr_arbiter_inst/p_0_in1_in                                                                                                         | bd_mcu_i/microblaze_0_axi_periph/xbar/inst/gen_sasd.crossbar_sasd_0/addr_arbiter_inst/SR[0]                                                  |                6 |             29 |
|  bd_mcu_i/clk_wiz_1/inst/clk_out1                            | bd_mcu_i/microblaze_0/U0/MicroBlaze_Core_I/Performance.Core/Use_Debug_Logic.Master_Core.Debug_Perf/data_rd_reg[0]_i_1_n_0                                                                                | bd_mcu_i/microblaze_0/U0/MicroBlaze_Core_I/sync_reset                                                                                        |               11 |             32 |
|  bd_mcu_i/clk_wiz_1/inst/clk_out1                            | bd_mcu_i/microblaze_0_axi_periph/xbar/inst/gen_sasd.crossbar_sasd_0/addr_arbiter_inst/s_axi_rvalid[0]                                                                                                    | bd_mcu_i/microblaze_0/U0/MicroBlaze_Core_I/sync_reset                                                                                        |                9 |             32 |
|  bd_mcu_i/clk_wiz_1/inst/clk_out1                            | bd_mcu_i/microblaze_0/U0/MicroBlaze_Core_I/Performance.Core/Decode_I/mem_wait_on_ready_N_carry_or/MUXCY_I/lopt_1                                                                                         |                                                                                                                                              |                6 |             32 |
|  bd_mcu_i/clk_wiz_1/inst/clk_out1                            |                                                                                                                                                                                                          | bd_mcu_i/axi_gpio_0/U0/gpio_core_1/Read_Reg_Rst__0                                                                                           |                7 |             32 |
|  bd_mcu_i/clk_wiz_1/inst/clk_out1                            | bd_mcu_i/microblaze_0/U0/MicroBlaze_Core_I/Performance.Core/Decode_I/Use_MuxCy[3].OF_Piperun_Stage/MUXCY_I/Using_FPGA.Native_0                                                                           | bd_mcu_i/microblaze_0/U0/MicroBlaze_Core_I/Performance.Core/Decode_I/R                                                                       |               12 |             32 |
|  bd_mcu_i/clk_wiz_1/inst/clk_out1                            |                                                                                                                                                                                                          | bd_mcu_i/microblaze_0/U0/MicroBlaze_Core_I/Performance.Core/p_1_out                                                                          |               16 |             32 |
|  bd_mcu_i/clk_wiz_1/inst/clk_out1                            | bd_mcu_i/axi_gpio_0/U0/AXI_LITE_IPIF_I/I_SLAVE_ATTACHMENT/s_axi_rresp_i                                                                                                                                  | bd_mcu_i/axi_gpio_0/U0/AXI_LITE_IPIF_I/I_SLAVE_ATTACHMENT/SR[0]                                                                              |                6 |             32 |
|  bd_mcu_i/clk_wiz_1/inst/clk_out1                            | bd_mcu_i/microblaze_0/U0/MicroBlaze_Core_I/Performance.Core/Decode_I/PreFetch_Buffer_I1/Gen_Mux_Select_LUT6[2].Gen_Sel_DFF/if_fetch_in_progress_reg[0]                                                   | bd_mcu_i/microblaze_0/U0/MicroBlaze_Core_I/sync_reset                                                                                        |               12 |             32 |
|  bd_mcu_i/clk_wiz_1/inst/clk_out1                            | bd_mcu_i/microblaze_0/U0/MicroBlaze_Core_I/Performance.Core/Decode_I/Use_MuxCy[3].OF_Piperun_Stage/MUXCY_I/wb_exception_kind_i_reg[28][0]                                                                | bd_mcu_i/microblaze_0/U0/MicroBlaze_Core_I/sync_reset                                                                                        |                5 |             32 |
|  bd_mcu_i/mdm_1/U0/No_Dbg_Reg_Access.BUFG_DRCK/Ext_JTAG_DRCK | bd_mcu_i/microblaze_0/U0/MicroBlaze_Core_I/Performance.Core/Use_Debug_Logic.Master_Core.Debug_Perf/New_Dbg_Instr_TCK                                                                                     |                                                                                                                                              |                9 |             32 |
|  bd_mcu_i/clk_wiz_1/inst/clk_out1                            | bd_mcu_i/microblaze_0/U0/MicroBlaze_Core_I/Performance.Core/Decode_I/mem_wait_on_ready_N_carry_or/MUXCY_I/lopt_1                                                                                         | bd_mcu_i/microblaze_0/U0/MicroBlaze_Core_I/Performance.Core/Decode_I/SR[0]                                                                   |                8 |             32 |
|  bd_mcu_i/clk_wiz_1/inst/clk_out1                            | bd_mcu_i/microblaze_0_axi_periph/xbar/inst/gen_sasd.crossbar_sasd_0/addr_arbiter_inst/E[0]                                                                                                               |                                                                                                                                              |                8 |             33 |
|  bd_mcu_i/clk_wiz_1/inst/clk_out1                            | bd_mcu_i/axi_gpio_0/U0/AXI_LITE_IPIF_I/I_SLAVE_ATTACHMENT/I_DECODER/E[0]                                                                                                                                 | bd_mcu_i/axi_gpio_0/U0/AXI_LITE_IPIF_I/I_SLAVE_ATTACHMENT/SR[0]                                                                              |                7 |             36 |
|  bd_mcu_i/clk_wiz_1/inst/clk_out1                            |                                                                                                                                                                                                          | bd_mcu_i/axi_iic_0/U0/X_IIC/REG_INTERFACE_I/cr_i_reg[7]_0                                                                                    |               14 |             41 |
|  bd_mcu_i/clk_wiz_1/inst/clk_out1                            |                                                                                                                                                                                                          | bd_mcu_i/axi_iic_0/U0/X_IIC/X_AXI_IPIF_SSP1/X_SOFT_RESET/Bus2IIC_Reset                                                                       |               10 |             42 |
|  bd_mcu_i/mdm_1/U0/No_Dbg_Reg_Access.BUFG_DRCK/Ext_JTAG_DRCK | bd_mcu_i/mdm_1/U0/Use_E2.BSCAN_I/Use_BSCAN.PORT_Selector_reg[0]                                                                                                                                          |                                                                                                                                              |               11 |             47 |
|  bd_mcu_i/clk_wiz_1/inst/clk_out1                            |                                                                                                                                                                                                          | bd_mcu_i/axi_gpio_0/U0/AXI_LITE_IPIF_I/I_SLAVE_ATTACHMENT/SR[0]                                                                              |               15 |             47 |
|  bd_mcu_i/clk_wiz_1/inst/clk_out1                            | bd_mcu_i/microblaze_0/U0/MicroBlaze_Core_I/Performance.Core/Decode_I/PreFetch_Buffer_I1/Instruction_Prefetch_Mux[42].Instr_Mux_MUXF7/IReady_0                                                            |                                                                                                                                              |               10 |             75 |
|  bd_mcu_i/mdm_1/U0/No_Dbg_Reg_Access.BUFG_DRCK/Ext_JTAG_DRCK |                                                                                                                                                                                                          |                                                                                                                                              |               25 |             80 |
|  bd_mcu_i/clk_wiz_1/inst/clk_out1                            | bd_mcu_i/microblaze_0/U0/MicroBlaze_Core_I/Performance.Core/Decode_I/Use_MuxCy[3].OF_Piperun_Stage/MUXCY_I/Using_FPGA.Native_0                                                                           | bd_mcu_i/microblaze_0/U0/MicroBlaze_Core_I/sync_reset                                                                                        |               29 |             85 |
|  bd_mcu_i/clk_wiz_1/inst/clk_out1                            | bd_mcu_i/microblaze_0/U0/MicroBlaze_Core_I/Performance.Core/Decode_I/Performance_Debug_Control.dbg_state_nohalt_reg[34]                                                                                  |                                                                                                                                              |               16 |            128 |
|  bd_mcu_i/clk_wiz_1/inst/clk_out1                            |                                                                                                                                                                                                          | bd_mcu_i/microblaze_0/U0/MicroBlaze_Core_I/sync_reset                                                                                        |               69 |            149 |
|  bd_mcu_i/clk_wiz_1/inst/clk_out1                            |                                                                                                                                                                                                          |                                                                                                                                              |               68 |            170 |
|  bd_mcu_i/clk_wiz_1/inst/clk_out1                            | bd_mcu_i/microblaze_0/U0/MicroBlaze_Core_I/Performance.Core/Decode_I/Use_MuxCy[11].OF_Piperun_Stage/MUXCY_I/of_pause_reg                                                                                 | bd_mcu_i/microblaze_0/U0/MicroBlaze_Core_I/sync_reset                                                                                        |               79 |            218 |
+--------------------------------------------------------------+----------------------------------------------------------------------------------------------------------------------------------------------------------------------------------------------------------+----------------------------------------------------------------------------------------------------------------------------------------------+------------------+----------------+


