14:02:35 INFO  : Registering command handlers for SDK TCF services
14:02:35 INFO  : Launching XSCT server: xsct.bat -interactive F:\General_Readout_Platform\gen1\fpga\demo_mcu\demo_mcu.sdk\temp_xsdb_launch_script.tcl
14:02:37 INFO  : XSCT server has started successfully.
14:02:37 INFO  : Successfully done setting XSCT server connection channel  
14:02:38 INFO  : Successfully done setting SDK workspace  
14:02:38 INFO  : Processing command line option -hwspec F:/General_Readout_Platform/gen1/fpga/demo_mcu/demo_mcu.sdk/bd_mcu_wrapper.hdf.
14:04:22 INFO  : 'targets -set -filter {jtag_cable_name =~ "Digilent JTAG-HS1 210512180081" && level==0} -index 0' command is executed.
14:04:22 INFO  : 'fpga -state' command is executed.
14:04:22 INFO  : Connected to target on host '127.0.0.1' and port '3121'.
14:04:22 INFO  : Jtag cable 'Digilent JTAG-HS1 210512180081' is selected.
14:04:22 INFO  : 'jtag frequency' command is executed.
14:04:22 INFO  : 'configparams mdm-detect-bscan-mask 2' command is executed.
14:04:22 INFO  : Context for processor 'microblaze_0' is selected.
14:04:22 INFO  : Processor reset is completed for 'microblaze_0'.
14:04:22 INFO  : Context for processor 'microblaze_0' is selected.
14:04:22 INFO  : The application 'F:/General_Readout_Platform/gen1/fpga/demo_mcu/demo_mcu.sdk/demo_mcu/Debug/demo_mcu.elf' is downloaded to processor 'microblaze_0'.
14:04:22 INFO  : ----------------XSDB Script----------------
connect -url tcp:127.0.0.1:3121
configparams mdm-detect-bscan-mask 2
targets -set -nocase -filter {name =~ "microblaze*#0" && bscan=="USER2"  && jtag_cable_name =~ "Digilent JTAG-HS1 210512180081"} -index 0
rst -processor
targets -set -nocase -filter {name =~ "microblaze*#0" && bscan=="USER2"  && jtag_cable_name =~ "Digilent JTAG-HS1 210512180081"} -index 0
dow F:/General_Readout_Platform/gen1/fpga/demo_mcu/demo_mcu.sdk/demo_mcu/Debug/demo_mcu.elf
----------------End of Script----------------

14:04:23 INFO  : Memory regions updated for context MicroBlaze #0
14:04:23 INFO  : Memory regions updated for context MicroBlaze Debug Module at USER2
14:04:23 INFO  : Context for processor 'microblaze_0' is selected.
14:04:23 INFO  : 'con' command is executed.
14:04:23 INFO  : ----------------XSDB Script (After Launch)----------------
targets -set -nocase -filter {name =~ "microblaze*#0" && bscan=="USER2"  && jtag_cable_name =~ "Digilent JTAG-HS1 210512180081"} -index 0
con
----------------End of Script----------------

14:04:23 INFO  : Launch script is exported to file 'F:\General_Readout_Platform\gen1\fpga\demo_mcu\demo_mcu.sdk\.sdk\launch_scripts\xilinx_c-c++_application_(system_debugger)\system_debugger_using_debug_demo_mcu.elf_on_local.tcl'
14:05:46 INFO  : Disconnected from the channel tcfchan#1.
14:05:47 INFO  : 'targets -set -filter {jtag_cable_name =~ "Digilent JTAG-HS1 210512180081" && level==0} -index 0' command is executed.
14:05:47 INFO  : 'fpga -state' command is executed.
14:05:47 INFO  : Connected to target on host '127.0.0.1' and port '3121'.
14:05:47 INFO  : Jtag cable 'Digilent JTAG-HS1 210512180081' is selected.
14:05:47 INFO  : 'jtag frequency' command is executed.
14:05:47 INFO  : 'configparams mdm-detect-bscan-mask 2' command is executed.
14:05:47 INFO  : Context for processor 'microblaze_0' is selected.
14:05:47 INFO  : Processor reset is completed for 'microblaze_0'.
14:05:47 INFO  : Context for processor 'microblaze_0' is selected.
14:05:47 INFO  : The application 'F:/General_Readout_Platform/gen1/fpga/demo_mcu/demo_mcu.sdk/demo_mcu/Debug/demo_mcu.elf' is downloaded to processor 'microblaze_0'.
14:05:47 INFO  : ----------------XSDB Script----------------
connect -url tcp:127.0.0.1:3121
configparams mdm-detect-bscan-mask 2
targets -set -nocase -filter {name =~ "microblaze*#0" && bscan=="USER2"  && jtag_cable_name =~ "Digilent JTAG-HS1 210512180081"} -index 0
rst -processor
targets -set -nocase -filter {name =~ "microblaze*#0" && bscan=="USER2"  && jtag_cable_name =~ "Digilent JTAG-HS1 210512180081"} -index 0
dow F:/General_Readout_Platform/gen1/fpga/demo_mcu/demo_mcu.sdk/demo_mcu/Debug/demo_mcu.elf
----------------End of Script----------------

14:05:47 INFO  : Memory regions updated for context MicroBlaze #0
14:05:47 INFO  : Memory regions updated for context MicroBlaze Debug Module at USER2
14:05:47 INFO  : Context for processor 'microblaze_0' is selected.
14:05:47 INFO  : 'con' command is executed.
14:05:47 INFO  : ----------------XSDB Script (After Launch)----------------
targets -set -nocase -filter {name =~ "microblaze*#0" && bscan=="USER2"  && jtag_cable_name =~ "Digilent JTAG-HS1 210512180081"} -index 0
con
----------------End of Script----------------

14:05:47 INFO  : Launch script is exported to file 'F:\General_Readout_Platform\gen1\fpga\demo_mcu\demo_mcu.sdk\.sdk\launch_scripts\xilinx_c-c++_application_(system_debugger)\system_debugger_using_debug_demo_mcu.elf_on_local.tcl'
14:08:37 INFO  : Disconnected from the channel tcfchan#2.
14:08:38 INFO  : 'targets -set -filter {jtag_cable_name =~ "Digilent JTAG-HS1 210512180081" && level==0} -index 0' command is executed.
14:08:38 INFO  : 'fpga -state' command is executed.
14:08:38 INFO  : Connected to target on host '127.0.0.1' and port '3121'.
14:08:39 INFO  : Jtag cable 'Digilent JTAG-HS1 210512180081' is selected.
14:08:39 INFO  : 'jtag frequency' command is executed.
14:08:39 INFO  : 'configparams mdm-detect-bscan-mask 2' command is executed.
14:08:39 INFO  : Context for processor 'microblaze_0' is selected.
14:08:39 INFO  : Processor reset is completed for 'microblaze_0'.
14:08:39 INFO  : Context for processor 'microblaze_0' is selected.
14:08:39 INFO  : The application 'F:/General_Readout_Platform/gen1/fpga/demo_mcu/demo_mcu.sdk/demo_mcu/Debug/demo_mcu.elf' is downloaded to processor 'microblaze_0'.
14:08:39 INFO  : ----------------XSDB Script----------------
connect -url tcp:127.0.0.1:3121
configparams mdm-detect-bscan-mask 2
targets -set -nocase -filter {name =~ "microblaze*#0" && bscan=="USER2"  && jtag_cable_name =~ "Digilent JTAG-HS1 210512180081"} -index 0
rst -processor
targets -set -nocase -filter {name =~ "microblaze*#0" && bscan=="USER2"  && jtag_cable_name =~ "Digilent JTAG-HS1 210512180081"} -index 0
dow F:/General_Readout_Platform/gen1/fpga/demo_mcu/demo_mcu.sdk/demo_mcu/Debug/demo_mcu.elf
----------------End of Script----------------

14:08:39 INFO  : Memory regions updated for context MicroBlaze #0
14:08:39 INFO  : Memory regions updated for context MicroBlaze Debug Module at USER2
14:08:39 INFO  : Context for processor 'microblaze_0' is selected.
14:08:39 INFO  : 'con' command is executed.
14:08:39 INFO  : ----------------XSDB Script (After Launch)----------------
targets -set -nocase -filter {name =~ "microblaze*#0" && bscan=="USER2"  && jtag_cable_name =~ "Digilent JTAG-HS1 210512180081"} -index 0
con
----------------End of Script----------------

14:08:39 INFO  : Launch script is exported to file 'F:\General_Readout_Platform\gen1\fpga\demo_mcu\demo_mcu.sdk\.sdk\launch_scripts\xilinx_c-c++_application_(system_debugger)\system_debugger_using_debug_demo_mcu.elf_on_local.tcl'
14:10:06 INFO  : Connected to target on host '127.0.0.1' and port '3121'.
14:10:07 INFO  : 'targets -set -filter {jtag_cable_name =~ "Digilent JTAG-HS1 210512180081" && level==0} -index 0' command is executed.
14:10:10 INFO  : FPGA configured successfully with bitstream "F:/General_Readout_Platform/gen1/fpga/demo_mcu/demo_mcu.runs/impl_1/bd_mcu_wrapper.bit"
14:10:43 INFO  : Connected to target on host '127.0.0.1' and port '3121'.
14:10:43 INFO  : 'targets -set -filter {jtag_cable_name =~ "Digilent JTAG-HS1 210512180081" && level==0} -index 0' command is executed.
14:10:46 INFO  : FPGA configured successfully with bitstream "F:/General_Readout_Platform/gen1/fpga/demo_mcu/demo_mcu.runs/impl_1/bd_mcu_wrapper.bit"
14:12:36 INFO  : Disconnected from the channel tcfchan#3.
14:17:12 INFO  : Registering command handlers for SDK TCF services
14:17:13 INFO  : Launching XSCT server: xsct.bat -interactive F:\General_Readout_Platform\gen1\fpga\demo_mcu\demo_mcu.sdk\temp_xsdb_launch_script.tcl
14:17:15 INFO  : XSCT server has started successfully.
14:17:15 INFO  : Successfully done setting XSCT server connection channel  
14:17:15 INFO  : Successfully done setting SDK workspace  
14:17:15 INFO  : Processing command line option -hwspec F:/General_Readout_Platform/gen1/fpga/demo_mcu/demo_mcu.sdk/bd_mcu_wrapper.hdf.
14:17:15 INFO  : Checking for hwspec changes in the project bd_mcu_wrapper_hw_platform_0.
14:17:16 INFO  : SDK has detected change in the last modified timestamps for source hardware specification file Source:1636640165521,  Project:1636639348790
14:17:16 INFO  : The hardware specification for project 'bd_mcu_wrapper_hw_platform_0' is different from F:/General_Readout_Platform/gen1/fpga/demo_mcu/demo_mcu.sdk/bd_mcu_wrapper.hdf.
14:17:16 INFO  : Copied contents of F:/General_Readout_Platform/gen1/fpga/demo_mcu/demo_mcu.sdk/bd_mcu_wrapper.hdf into \bd_mcu_wrapper_hw_platform_0\system.hdf.
14:17:17 INFO  : Synchronizing projects in the workspace with the hardware platform specification changes.
14:17:19 INFO  : 
14:17:20 INFO  : Updating hardware inferred compiler options for demo_mcu.
14:17:20 INFO  : Clearing existing target manager status.
14:17:51 INFO  : Connected to target on host '127.0.0.1' and port '3121'.
14:17:51 INFO  : 'targets -set -filter {jtag_cable_name =~ "Digilent JTAG-HS1 210512180081" && level==0} -index 0' command is executed.
14:17:54 INFO  : FPGA configured successfully with bitstream "F:/General_Readout_Platform/gen1/fpga/demo_mcu/demo_mcu.sdk/bd_mcu_wrapper_hw_platform_0/download.bit"
14:18:53 INFO  : Connected to target on host '127.0.0.1' and port '3121'.
14:18:53 INFO  : 'targets -set -filter {jtag_cable_name =~ "Digilent JTAG-HS1 210512180081" && level==0} -index 0' command is executed.
14:18:57 INFO  : FPGA configured successfully with bitstream "F:/General_Readout_Platform/gen1/fpga/demo_mcu/demo_mcu.sdk/bd_mcu_wrapper_hw_platform_0/download.bit"
12:11:04 INFO  : Registering command handlers for SDK TCF services
12:11:05 INFO  : Launching XSCT server: xsct.bat -interactive F:\General_Readout_Platform\gen1\fpga\demo_mcu\demo_mcu.sdk\temp_xsdb_launch_script.tcl
12:11:07 INFO  : XSCT server has started successfully.
12:11:07 INFO  : Successfully done setting XSCT server connection channel  
12:11:07 INFO  : Successfully done setting SDK workspace  
12:11:07 INFO  : Processing command line option -hwspec F:/General_Readout_Platform/gen1/fpga/demo_mcu/demo_mcu.sdk/bd_mcu_wrapper.hdf.
12:11:07 INFO  : Checking for hwspec changes in the project bd_mcu_wrapper_hw_platform_0.
12:11:08 INFO  : SDK has detected change in the last modified timestamps for source hardware specification file Source:1646136656606,  Project:1636640165521
12:11:08 INFO  : The hardware specification for project 'bd_mcu_wrapper_hw_platform_0' is different from F:/General_Readout_Platform/gen1/fpga/demo_mcu/demo_mcu.sdk/bd_mcu_wrapper.hdf.
12:11:08 INFO  : Copied contents of F:/General_Readout_Platform/gen1/fpga/demo_mcu/demo_mcu.sdk/bd_mcu_wrapper.hdf into \bd_mcu_wrapper_hw_platform_0\system.hdf.
12:11:09 INFO  : Synchronizing projects in the workspace with the hardware platform specification changes.
12:11:11 INFO  : 
12:11:12 INFO  : Updating hardware inferred compiler options for demo_mcu.
12:11:12 INFO  : Clearing existing target manager status.
12:11:12 INFO  : Workspace synchronized with the new hardware specification file. Cleaning dependent projects...
12:11:13 WARN  : Linker script will not be updated automatically. Users need to update it manually.
12:11:25 INFO  : 'targets -set -filter {jtag_cable_name =~ "Digilent JTAG-HS1 210512180081" && level==0} -index 0' command is executed.
12:11:25 INFO  : 'fpga -state' command is executed.
12:11:25 INFO  : Connected to target on host '127.0.0.1' and port '3121'.
12:11:38 INFO  : Jtag cable 'Digilent JTAG-HS1 210512180081' is selected.
12:11:38 INFO  : 'jtag frequency' command is executed.
12:11:38 INFO  : 'configparams mdm-detect-bscan-mask 2' command is executed.
12:11:38 INFO  : Context for processor 'microblaze_0' is selected.
12:11:38 INFO  : Processor reset is completed for 'microblaze_0'.
12:11:38 INFO  : Context for processor 'microblaze_0' is selected.
12:11:38 INFO  : The application 'F:/General_Readout_Platform/gen1/fpga/demo_mcu/demo_mcu.sdk/demo_mcu/Debug/demo_mcu.elf' is downloaded to processor 'microblaze_0'.
12:11:38 INFO  : ----------------XSDB Script----------------
connect -url tcp:127.0.0.1:3121
configparams mdm-detect-bscan-mask 2
targets -set -nocase -filter {name =~ "microblaze*#0" && bscan=="USER2"  && jtag_cable_name =~ "Digilent JTAG-HS1 210512180081"} -index 0
rst -processor
targets -set -nocase -filter {name =~ "microblaze*#0" && bscan=="USER2"  && jtag_cable_name =~ "Digilent JTAG-HS1 210512180081"} -index 0
dow F:/General_Readout_Platform/gen1/fpga/demo_mcu/demo_mcu.sdk/demo_mcu/Debug/demo_mcu.elf
----------------End of Script----------------

12:11:38 INFO  : Memory regions updated for context MicroBlaze #0
12:11:38 INFO  : Memory regions updated for context MicroBlaze Debug Module at USER2
12:11:38 INFO  : Context for processor 'microblaze_0' is selected.
12:11:38 INFO  : 'con' command is executed.
12:11:38 INFO  : ----------------XSDB Script (After Launch)----------------
targets -set -nocase -filter {name =~ "microblaze*#0" && bscan=="USER2"  && jtag_cable_name =~ "Digilent JTAG-HS1 210512180081"} -index 0
con
----------------End of Script----------------

12:11:38 INFO  : Launch script is exported to file 'F:\General_Readout_Platform\gen1\fpga\demo_mcu\demo_mcu.sdk\.sdk\launch_scripts\xilinx_c-c++_application_(system_debugger)\system_debugger_using_debug_demo_mcu.elf_on_local.tcl'
12:19:03 INFO  : SDK has detected change in the last modified timestamps for source hardware specification file Source:1646137142262,  Project:1646136656606
12:19:03 INFO  : Project bd_mcu_wrapper_hw_platform_0's source hardware specification located at F:/General_Readout_Platform/gen1/fpga/demo_mcu/demo_mcu.sdk/bd_mcu_wrapper.hdf is now different from the local copy.
		 The local copy will be replaced with the source specification and your workspace will be updated.
12:19:06 INFO  : Copied contents of F:/General_Readout_Platform/gen1/fpga/demo_mcu/demo_mcu.sdk/bd_mcu_wrapper.hdf into \bd_mcu_wrapper_hw_platform_0\system.hdf.
12:19:07 INFO  : Synchronizing projects in the workspace with the hardware platform specification changes.
12:19:09 INFO  : 
12:19:10 INFO  : Updating hardware inferred compiler options for demo_mcu.
12:19:10 INFO  : Clearing existing target manager status.
12:19:10 INFO  : Workspace synchronized with the new hardware specification file. Cleaning dependent projects...
12:19:11 WARN  : Linker script will not be updated automatically. Users need to update it manually.
12:19:21 INFO  : Disconnected from the channel tcfchan#1.
12:19:25 INFO  : 'targets -set -filter {jtag_cable_name =~ "Digilent JTAG-HS1 210512180081" && level==0} -index 0' command is executed.
12:19:25 INFO  : 'fpga -state' command is executed.
12:19:25 INFO  : Connected to target on host '127.0.0.1' and port '3121'.
12:19:37 INFO  : Jtag cable 'Digilent JTAG-HS1 210512180081' is selected.
12:19:37 INFO  : 'jtag frequency' command is executed.
12:19:37 INFO  : 'configparams mdm-detect-bscan-mask 2' command is executed.
12:19:37 INFO  : Context for processor 'microblaze_0' is selected.
12:19:37 INFO  : Processor reset is completed for 'microblaze_0'.
12:19:37 INFO  : Context for processor 'microblaze_0' is selected.
12:19:38 INFO  : The application 'F:/General_Readout_Platform/gen1/fpga/demo_mcu/demo_mcu.sdk/demo_mcu/Debug/demo_mcu.elf' is downloaded to processor 'microblaze_0'.
12:19:38 INFO  : ----------------XSDB Script----------------
connect -url tcp:127.0.0.1:3121
configparams mdm-detect-bscan-mask 2
targets -set -nocase -filter {name =~ "microblaze*#0" && bscan=="USER2"  && jtag_cable_name =~ "Digilent JTAG-HS1 210512180081"} -index 0
rst -processor
targets -set -nocase -filter {name =~ "microblaze*#0" && bscan=="USER2"  && jtag_cable_name =~ "Digilent JTAG-HS1 210512180081"} -index 0
dow F:/General_Readout_Platform/gen1/fpga/demo_mcu/demo_mcu.sdk/demo_mcu/Debug/demo_mcu.elf
----------------End of Script----------------

12:19:38 INFO  : Memory regions updated for context MicroBlaze #0
12:19:38 INFO  : Memory regions updated for context MicroBlaze Debug Module at USER2
12:19:38 INFO  : Context for processor 'microblaze_0' is selected.
12:19:38 INFO  : 'con' command is executed.
12:19:38 INFO  : ----------------XSDB Script (After Launch)----------------
targets -set -nocase -filter {name =~ "microblaze*#0" && bscan=="USER2"  && jtag_cable_name =~ "Digilent JTAG-HS1 210512180081"} -index 0
con
----------------End of Script----------------

12:19:38 INFO  : Launch script is exported to file 'F:\General_Readout_Platform\gen1\fpga\demo_mcu\demo_mcu.sdk\.sdk\launch_scripts\xilinx_c-c++_application_(system_debugger)\system_debugger_using_debug_demo_mcu.elf_on_local.tcl'
12:20:17 INFO  : Disconnected from the channel tcfchan#2.
12:20:21 INFO  : 'targets -set -filter {jtag_cable_name =~ "Digilent JTAG-HS1 210512180081" && level==0} -index 0' command is executed.
12:20:21 INFO  : 'fpga -state' command is executed.
12:20:21 INFO  : Connected to target on host '127.0.0.1' and port '3121'.
12:20:33 INFO  : Jtag cable 'Digilent JTAG-HS1 210512180081' is selected.
12:20:33 INFO  : 'jtag frequency' command is executed.
12:20:33 INFO  : 'configparams mdm-detect-bscan-mask 2' command is executed.
12:20:33 INFO  : Context for processor 'microblaze_0' is selected.
12:20:33 INFO  : Processor reset is completed for 'microblaze_0'.
12:20:33 INFO  : Context for processor 'microblaze_0' is selected.
12:20:33 INFO  : The application 'F:/General_Readout_Platform/gen1/fpga/demo_mcu/demo_mcu.sdk/demo_mcu/Debug/demo_mcu.elf' is downloaded to processor 'microblaze_0'.
12:20:33 INFO  : ----------------XSDB Script----------------
connect -url tcp:127.0.0.1:3121
configparams mdm-detect-bscan-mask 2
targets -set -nocase -filter {name =~ "microblaze*#0" && bscan=="USER2"  && jtag_cable_name =~ "Digilent JTAG-HS1 210512180081"} -index 0
rst -processor
targets -set -nocase -filter {name =~ "microblaze*#0" && bscan=="USER2"  && jtag_cable_name =~ "Digilent JTAG-HS1 210512180081"} -index 0
dow F:/General_Readout_Platform/gen1/fpga/demo_mcu/demo_mcu.sdk/demo_mcu/Debug/demo_mcu.elf
----------------End of Script----------------

12:20:33 INFO  : Memory regions updated for context MicroBlaze #0
12:20:33 INFO  : Memory regions updated for context MicroBlaze Debug Module at USER2
12:20:33 INFO  : Context for processor 'microblaze_0' is selected.
12:20:33 INFO  : 'con' command is executed.
12:20:33 INFO  : ----------------XSDB Script (After Launch)----------------
targets -set -nocase -filter {name =~ "microblaze*#0" && bscan=="USER2"  && jtag_cable_name =~ "Digilent JTAG-HS1 210512180081"} -index 0
con
----------------End of Script----------------

12:20:33 INFO  : Launch script is exported to file 'F:\General_Readout_Platform\gen1\fpga\demo_mcu\demo_mcu.sdk\.sdk\launch_scripts\xilinx_c-c++_application_(system_debugger)\system_debugger_using_debug_demo_mcu.elf_on_local.tcl'
12:22:25 INFO  : Disconnected from the channel tcfchan#3.
12:22:29 INFO  : 'targets -set -filter {jtag_cable_name =~ "Digilent JTAG-HS1 210512180081" && level==0} -index 0' command is executed.
12:22:29 INFO  : 'fpga -state' command is executed.
12:22:29 INFO  : Connected to target on host '127.0.0.1' and port '3121'.
12:22:41 INFO  : Jtag cable 'Digilent JTAG-HS1 210512180081' is selected.
12:22:41 INFO  : 'jtag frequency' command is executed.
12:22:41 INFO  : 'configparams mdm-detect-bscan-mask 2' command is executed.
12:22:41 INFO  : Context for processor 'microblaze_0' is selected.
12:22:41 INFO  : Processor reset is completed for 'microblaze_0'.
12:22:41 INFO  : Context for processor 'microblaze_0' is selected.
12:22:41 INFO  : The application 'F:/General_Readout_Platform/gen1/fpga/demo_mcu/demo_mcu.sdk/demo_mcu/Debug/demo_mcu.elf' is downloaded to processor 'microblaze_0'.
12:22:41 INFO  : ----------------XSDB Script----------------
connect -url tcp:127.0.0.1:3121
configparams mdm-detect-bscan-mask 2
targets -set -nocase -filter {name =~ "microblaze*#0" && bscan=="USER2"  && jtag_cable_name =~ "Digilent JTAG-HS1 210512180081"} -index 0
rst -processor
targets -set -nocase -filter {name =~ "microblaze*#0" && bscan=="USER2"  && jtag_cable_name =~ "Digilent JTAG-HS1 210512180081"} -index 0
dow F:/General_Readout_Platform/gen1/fpga/demo_mcu/demo_mcu.sdk/demo_mcu/Debug/demo_mcu.elf
----------------End of Script----------------

12:22:41 INFO  : Memory regions updated for context MicroBlaze #0
12:22:41 INFO  : Memory regions updated for context MicroBlaze Debug Module at USER2
12:22:41 INFO  : Context for processor 'microblaze_0' is selected.
12:22:41 INFO  : 'con' command is executed.
12:22:41 INFO  : ----------------XSDB Script (After Launch)----------------
targets -set -nocase -filter {name =~ "microblaze*#0" && bscan=="USER2"  && jtag_cable_name =~ "Digilent JTAG-HS1 210512180081"} -index 0
con
----------------End of Script----------------

12:22:41 INFO  : Launch script is exported to file 'F:\General_Readout_Platform\gen1\fpga\demo_mcu\demo_mcu.sdk\.sdk\launch_scripts\xilinx_c-c++_application_(system_debugger)\system_debugger_using_debug_demo_mcu.elf_on_local.tcl'
12:23:43 INFO  : Disconnected from the channel tcfchan#4.
12:23:47 INFO  : 'targets -set -filter {jtag_cable_name =~ "Digilent JTAG-HS1 210512180081" && level==0} -index 0' command is executed.
12:23:47 INFO  : 'fpga -state' command is executed.
12:23:47 INFO  : Connected to target on host '127.0.0.1' and port '3121'.
12:23:59 INFO  : Jtag cable 'Digilent JTAG-HS1 210512180081' is selected.
12:23:59 INFO  : 'jtag frequency' command is executed.
12:23:59 INFO  : 'configparams mdm-detect-bscan-mask 2' command is executed.
12:23:59 INFO  : Context for processor 'microblaze_0' is selected.
12:23:59 INFO  : Processor reset is completed for 'microblaze_0'.
12:23:59 INFO  : Context for processor 'microblaze_0' is selected.
12:23:59 INFO  : The application 'F:/General_Readout_Platform/gen1/fpga/demo_mcu/demo_mcu.sdk/demo_mcu/Debug/demo_mcu.elf' is downloaded to processor 'microblaze_0'.
12:23:59 INFO  : ----------------XSDB Script----------------
connect -url tcp:127.0.0.1:3121
configparams mdm-detect-bscan-mask 2
targets -set -nocase -filter {name =~ "microblaze*#0" && bscan=="USER2"  && jtag_cable_name =~ "Digilent JTAG-HS1 210512180081"} -index 0
rst -processor
targets -set -nocase -filter {name =~ "microblaze*#0" && bscan=="USER2"  && jtag_cable_name =~ "Digilent JTAG-HS1 210512180081"} -index 0
dow F:/General_Readout_Platform/gen1/fpga/demo_mcu/demo_mcu.sdk/demo_mcu/Debug/demo_mcu.elf
----------------End of Script----------------

12:23:59 INFO  : Memory regions updated for context MicroBlaze #0
12:23:59 INFO  : Memory regions updated for context MicroBlaze Debug Module at USER2
12:23:59 INFO  : Context for processor 'microblaze_0' is selected.
12:23:59 INFO  : 'con' command is executed.
12:23:59 INFO  : ----------------XSDB Script (After Launch)----------------
targets -set -nocase -filter {name =~ "microblaze*#0" && bscan=="USER2"  && jtag_cable_name =~ "Digilent JTAG-HS1 210512180081"} -index 0
con
----------------End of Script----------------

12:23:59 INFO  : Launch script is exported to file 'F:\General_Readout_Platform\gen1\fpga\demo_mcu\demo_mcu.sdk\.sdk\launch_scripts\xilinx_c-c++_application_(system_debugger)\system_debugger_using_debug_demo_mcu.elf_on_local.tcl'
12:29:47 INFO  : SDK has detected change in the last modified timestamps for source hardware specification file Source:1646137782603,  Project:1646137142262
12:29:47 INFO  : Project bd_mcu_wrapper_hw_platform_0's source hardware specification located at F:/General_Readout_Platform/gen1/fpga/demo_mcu/demo_mcu.sdk/bd_mcu_wrapper.hdf is now different from the local copy.
		 The local copy will be replaced with the source specification and your workspace will be updated.
12:29:47 INFO  : Copied contents of F:/General_Readout_Platform/gen1/fpga/demo_mcu/demo_mcu.sdk/bd_mcu_wrapper.hdf into \bd_mcu_wrapper_hw_platform_0\system.hdf.
12:29:47 INFO  : Synchronizing projects in the workspace with the hardware platform specification changes.
12:29:50 INFO  : 
12:29:50 INFO  : Updating hardware inferred compiler options for demo_mcu.
12:29:50 INFO  : Clearing existing target manager status.
12:29:50 INFO  : Workspace synchronized with the new hardware specification file. Cleaning dependent projects...
12:29:51 WARN  : Linker script will not be updated automatically. Users need to update it manually.
12:30:06 INFO  : Disconnected from the channel tcfchan#5.
12:30:10 INFO  : 'targets -set -filter {jtag_cable_name =~ "Digilent JTAG-HS1 210512180081" && level==0} -index 0' command is executed.
12:30:10 INFO  : 'fpga -state' command is executed.
12:30:10 INFO  : Connected to target on host '127.0.0.1' and port '3121'.
12:30:22 INFO  : Jtag cable 'Digilent JTAG-HS1 210512180081' is selected.
12:30:22 INFO  : 'jtag frequency' command is executed.
12:30:22 INFO  : 'configparams mdm-detect-bscan-mask 2' command is executed.
12:30:22 INFO  : Context for processor 'microblaze_0' is selected.
12:30:22 INFO  : Processor reset is completed for 'microblaze_0'.
12:30:22 INFO  : Context for processor 'microblaze_0' is selected.
12:30:22 INFO  : The application 'F:/General_Readout_Platform/gen1/fpga/demo_mcu/demo_mcu.sdk/demo_mcu/Debug/demo_mcu.elf' is downloaded to processor 'microblaze_0'.
12:30:22 INFO  : ----------------XSDB Script----------------
connect -url tcp:127.0.0.1:3121
configparams mdm-detect-bscan-mask 2
targets -set -nocase -filter {name =~ "microblaze*#0" && bscan=="USER2"  && jtag_cable_name =~ "Digilent JTAG-HS1 210512180081"} -index 0
rst -processor
targets -set -nocase -filter {name =~ "microblaze*#0" && bscan=="USER2"  && jtag_cable_name =~ "Digilent JTAG-HS1 210512180081"} -index 0
dow F:/General_Readout_Platform/gen1/fpga/demo_mcu/demo_mcu.sdk/demo_mcu/Debug/demo_mcu.elf
----------------End of Script----------------

12:30:22 INFO  : Memory regions updated for context MicroBlaze #0
12:30:22 INFO  : Memory regions updated for context MicroBlaze Debug Module at USER2
12:30:22 INFO  : Context for processor 'microblaze_0' is selected.
12:30:22 INFO  : 'con' command is executed.
12:30:22 INFO  : ----------------XSDB Script (After Launch)----------------
targets -set -nocase -filter {name =~ "microblaze*#0" && bscan=="USER2"  && jtag_cable_name =~ "Digilent JTAG-HS1 210512180081"} -index 0
con
----------------End of Script----------------

12:30:22 INFO  : Launch script is exported to file 'F:\General_Readout_Platform\gen1\fpga\demo_mcu\demo_mcu.sdk\.sdk\launch_scripts\xilinx_c-c++_application_(system_debugger)\system_debugger_using_debug_demo_mcu.elf_on_local.tcl'
12:31:59 INFO  : Disconnected from the channel tcfchan#6.
12:33:44 INFO  : Registering command handlers for SDK TCF services
12:33:45 INFO  : Launching XSCT server: xsct.bat -interactive F:\General_Readout_Platform\gen1\fpga\demo_mcu\demo_mcu.sdk\temp_xsdb_launch_script.tcl
12:33:47 INFO  : XSCT server has started successfully.
12:33:48 INFO  : Successfully done setting XSCT server connection channel  
12:33:48 INFO  : Successfully done setting SDK workspace  
12:33:48 INFO  : Processing command line option -hwspec F:/General_Readout_Platform/gen1/fpga/demo_mcu/demo_mcu.sdk/bd_mcu_wrapper.hdf.
12:33:48 INFO  : Checking for hwspec changes in the project bd_mcu_wrapper_hw_platform_0.
13:24:29 INFO  : 'targets -set -filter {jtag_cable_name =~ "Digilent JTAG-HS1 210512180081" && level==0} -index 0' command is executed.
13:24:29 INFO  : 'fpga -state' command is executed.
13:24:29 INFO  : Connected to target on host '127.0.0.1' and port '3121'.
13:24:42 INFO  : Jtag cable 'Digilent JTAG-HS1 210512180081' is selected.
13:24:42 INFO  : 'jtag frequency' command is executed.
13:24:42 INFO  : 'configparams mdm-detect-bscan-mask 2' command is executed.
13:24:42 INFO  : Context for processor 'microblaze_0' is selected.
13:24:42 INFO  : Processor reset is completed for 'microblaze_0'.
13:24:42 INFO  : Context for processor 'microblaze_0' is selected.
13:24:42 INFO  : The application 'F:/General_Readout_Platform/gen1/fpga/demo_mcu/demo_mcu.sdk/demo_mcu/Debug/demo_mcu.elf' is downloaded to processor 'microblaze_0'.
13:24:42 INFO  : ----------------XSDB Script----------------
connect -url tcp:127.0.0.1:3121
configparams mdm-detect-bscan-mask 2
targets -set -nocase -filter {name =~ "microblaze*#0" && bscan=="USER2"  && jtag_cable_name =~ "Digilent JTAG-HS1 210512180081"} -index 0
rst -processor
targets -set -nocase -filter {name =~ "microblaze*#0" && bscan=="USER2"  && jtag_cable_name =~ "Digilent JTAG-HS1 210512180081"} -index 0
dow F:/General_Readout_Platform/gen1/fpga/demo_mcu/demo_mcu.sdk/demo_mcu/Debug/demo_mcu.elf
----------------End of Script----------------

13:24:42 INFO  : Memory regions updated for context MicroBlaze #0
13:24:42 INFO  : Memory regions updated for context MicroBlaze Debug Module at USER2
13:24:42 INFO  : Context for processor 'microblaze_0' is selected.
13:24:42 INFO  : 'con' command is executed.
13:24:42 INFO  : ----------------XSDB Script (After Launch)----------------
targets -set -nocase -filter {name =~ "microblaze*#0" && bscan=="USER2"  && jtag_cable_name =~ "Digilent JTAG-HS1 210512180081"} -index 0
con
----------------End of Script----------------

13:24:42 INFO  : Launch script is exported to file 'F:\General_Readout_Platform\gen1\fpga\demo_mcu\demo_mcu.sdk\.sdk\launch_scripts\xilinx_c-c++_application_(system_debugger)\system_debugger_using_debug_demo_mcu.elf_on_local.tcl'
13:26:43 INFO  : Disconnected from the channel tcfchan#1.
13:26:47 INFO  : 'targets -set -filter {jtag_cable_name =~ "Digilent JTAG-HS1 210512180081" && level==0} -index 0' command is executed.
13:26:47 INFO  : 'fpga -state' command is executed.
13:26:47 INFO  : Connected to target on host '127.0.0.1' and port '3121'.
13:26:59 INFO  : Jtag cable 'Digilent JTAG-HS1 210512180081' is selected.
13:26:59 INFO  : 'jtag frequency' command is executed.
13:26:59 INFO  : 'configparams mdm-detect-bscan-mask 2' command is executed.
13:26:59 INFO  : Context for processor 'microblaze_0' is selected.
13:26:59 INFO  : Processor reset is completed for 'microblaze_0'.
13:26:59 INFO  : Context for processor 'microblaze_0' is selected.
13:27:00 INFO  : The application 'F:/General_Readout_Platform/gen1/fpga/demo_mcu/demo_mcu.sdk/demo_mcu/Debug/demo_mcu.elf' is downloaded to processor 'microblaze_0'.
13:27:00 INFO  : ----------------XSDB Script----------------
connect -url tcp:127.0.0.1:3121
configparams mdm-detect-bscan-mask 2
targets -set -nocase -filter {name =~ "microblaze*#0" && bscan=="USER2"  && jtag_cable_name =~ "Digilent JTAG-HS1 210512180081"} -index 0
rst -processor
targets -set -nocase -filter {name =~ "microblaze*#0" && bscan=="USER2"  && jtag_cable_name =~ "Digilent JTAG-HS1 210512180081"} -index 0
dow F:/General_Readout_Platform/gen1/fpga/demo_mcu/demo_mcu.sdk/demo_mcu/Debug/demo_mcu.elf
----------------End of Script----------------

13:27:00 INFO  : Memory regions updated for context MicroBlaze #0
13:27:00 INFO  : Memory regions updated for context MicroBlaze Debug Module at USER2
13:27:00 INFO  : Context for processor 'microblaze_0' is selected.
13:27:00 INFO  : 'con' command is executed.
13:27:00 INFO  : ----------------XSDB Script (After Launch)----------------
targets -set -nocase -filter {name =~ "microblaze*#0" && bscan=="USER2"  && jtag_cable_name =~ "Digilent JTAG-HS1 210512180081"} -index 0
con
----------------End of Script----------------

13:27:00 INFO  : Launch script is exported to file 'F:\General_Readout_Platform\gen1\fpga\demo_mcu\demo_mcu.sdk\.sdk\launch_scripts\xilinx_c-c++_application_(system_debugger)\system_debugger_using_debug_demo_mcu.elf_on_local.tcl'
13:27:39 INFO  : Disconnected from the channel tcfchan#2.
13:27:43 INFO  : 'targets -set -filter {jtag_cable_name =~ "Digilent JTAG-HS1 210512180081" && level==0} -index 0' command is executed.
13:27:43 INFO  : 'fpga -state' command is executed.
13:27:43 INFO  : Connected to target on host '127.0.0.1' and port '3121'.
13:27:55 INFO  : Jtag cable 'Digilent JTAG-HS1 210512180081' is selected.
13:27:55 INFO  : 'jtag frequency' command is executed.
13:27:55 INFO  : 'configparams mdm-detect-bscan-mask 2' command is executed.
13:27:55 INFO  : Context for processor 'microblaze_0' is selected.
13:27:55 INFO  : Processor reset is completed for 'microblaze_0'.
13:27:55 INFO  : Context for processor 'microblaze_0' is selected.
13:27:55 INFO  : The application 'F:/General_Readout_Platform/gen1/fpga/demo_mcu/demo_mcu.sdk/demo_mcu/Debug/demo_mcu.elf' is downloaded to processor 'microblaze_0'.
13:27:55 INFO  : ----------------XSDB Script----------------
connect -url tcp:127.0.0.1:3121
configparams mdm-detect-bscan-mask 2
targets -set -nocase -filter {name =~ "microblaze*#0" && bscan=="USER2"  && jtag_cable_name =~ "Digilent JTAG-HS1 210512180081"} -index 0
rst -processor
targets -set -nocase -filter {name =~ "microblaze*#0" && bscan=="USER2"  && jtag_cable_name =~ "Digilent JTAG-HS1 210512180081"} -index 0
dow F:/General_Readout_Platform/gen1/fpga/demo_mcu/demo_mcu.sdk/demo_mcu/Debug/demo_mcu.elf
----------------End of Script----------------

13:27:55 INFO  : Memory regions updated for context MicroBlaze #0
13:27:55 INFO  : Memory regions updated for context MicroBlaze Debug Module at USER2
13:27:56 INFO  : Context for processor 'microblaze_0' is selected.
13:27:56 INFO  : 'con' command is executed.
13:27:56 INFO  : ----------------XSDB Script (After Launch)----------------
targets -set -nocase -filter {name =~ "microblaze*#0" && bscan=="USER2"  && jtag_cable_name =~ "Digilent JTAG-HS1 210512180081"} -index 0
con
----------------End of Script----------------

13:27:56 INFO  : Launch script is exported to file 'F:\General_Readout_Platform\gen1\fpga\demo_mcu\demo_mcu.sdk\.sdk\launch_scripts\xilinx_c-c++_application_(system_debugger)\system_debugger_using_debug_demo_mcu.elf_on_local.tcl'
13:28:01 INFO  : Disconnected from the channel tcfchan#3.
13:28:05 INFO  : 'targets -set -filter {jtag_cable_name =~ "Digilent JTAG-HS1 210512180081" && level==0} -index 0' command is executed.
13:28:05 INFO  : 'fpga -state' command is executed.
13:28:05 INFO  : Connected to target on host '127.0.0.1' and port '3121'.
13:28:17 INFO  : Jtag cable 'Digilent JTAG-HS1 210512180081' is selected.
13:28:17 INFO  : 'jtag frequency' command is executed.
13:28:17 INFO  : 'configparams mdm-detect-bscan-mask 2' command is executed.
13:28:17 INFO  : Context for processor 'microblaze_0' is selected.
13:28:17 INFO  : Processor reset is completed for 'microblaze_0'.
13:28:17 INFO  : Context for processor 'microblaze_0' is selected.
13:28:17 INFO  : The application 'F:/General_Readout_Platform/gen1/fpga/demo_mcu/demo_mcu.sdk/demo_mcu/Debug/demo_mcu.elf' is downloaded to processor 'microblaze_0'.
13:28:17 INFO  : ----------------XSDB Script----------------
connect -url tcp:127.0.0.1:3121
configparams mdm-detect-bscan-mask 2
targets -set -nocase -filter {name =~ "microblaze*#0" && bscan=="USER2"  && jtag_cable_name =~ "Digilent JTAG-HS1 210512180081"} -index 0
rst -processor
targets -set -nocase -filter {name =~ "microblaze*#0" && bscan=="USER2"  && jtag_cable_name =~ "Digilent JTAG-HS1 210512180081"} -index 0
dow F:/General_Readout_Platform/gen1/fpga/demo_mcu/demo_mcu.sdk/demo_mcu/Debug/demo_mcu.elf
----------------End of Script----------------

13:28:17 INFO  : Memory regions updated for context MicroBlaze #0
13:28:17 INFO  : Memory regions updated for context MicroBlaze Debug Module at USER2
13:28:17 INFO  : Context for processor 'microblaze_0' is selected.
13:28:17 INFO  : 'con' command is executed.
13:28:17 INFO  : ----------------XSDB Script (After Launch)----------------
targets -set -nocase -filter {name =~ "microblaze*#0" && bscan=="USER2"  && jtag_cable_name =~ "Digilent JTAG-HS1 210512180081"} -index 0
con
----------------End of Script----------------

13:28:17 INFO  : Launch script is exported to file 'F:\General_Readout_Platform\gen1\fpga\demo_mcu\demo_mcu.sdk\.sdk\launch_scripts\xilinx_c-c++_application_(system_debugger)\system_debugger_using_debug_demo_mcu.elf_on_local.tcl'
13:44:14 INFO  : Disconnected from the channel tcfchan#4.
