#-----------------------------------------------------------
# Webtalk v2019.1 (64-bit)
# SW Build 2552052 on Fri May 24 14:49:42 MDT 2019
# 
# Start of session at: Mon Nov  1 11:57:17 2021
# Process ID: 21660
# Current directory: F:/General_Platform/fpga/demo_mcu/demo_mcu.sdk/webtalk
# Command line: wbtcv.exe -mode batch -source sdk_webtalk.tcl
# Log file: F:/General_Platform/fpga/demo_mcu/demo_mcu.sdk/webtalk/webtalk.log
# Journal file: F:/General_Platform/fpga/demo_mcu/demo_mcu.sdk/webtalk\webtalk.jou
#-----------------------------------------------------------
source sdk_webtalk.tcl
# webtalk_init -webtalk_dir F:\\General_Platform\\fpga\\demo_mcu\\demo_mcu.sdk\\webtalk
# webtalk_register_client -client project
# webtalk_add_data -client project -key date_generated -value "2021-11-01 11:57:15" -context "software_version_and_target_device"
# webtalk_add_data -client project -key product_version -value "SDK v2019.1" -context "software_version_and_target_device"
# webtalk_add_data -client project -key build_version -value "2019.1" -context "software_version_and_target_device"
# webtalk_add_data -client project -key os_platform -value "amd64" -context "software_version_and_target_device"
# webtalk_add_data -client project -key registration_id -value "" -context "software_version_and_target_device"
# webtalk_add_data -client project -key tool_flow -value "SDK" -context "software_version_and_target_device"
# webtalk_add_data -client project -key beta -value "false" -context "software_version_and_target_device"
# webtalk_add_data -client project -key route_design -value "NA" -context "software_version_and_target_device"
# webtalk_add_data -client project -key target_family -value "NA" -context "software_version_and_target_device"
# webtalk_add_data -client project -key target_device -value "NA" -context "software_version_and_target_device"
# webtalk_add_data -client project -key target_package -value "NA" -context "software_version_and_target_device"
# webtalk_add_data -client project -key target_speed -value "NA" -context "software_version_and_target_device"
# webtalk_add_data -client project -key random_id -value "iuo73j6ettnvuqomff78gmum9" -context "software_version_and_target_device"
# webtalk_add_data -client project -key project_id -value "2019.1_1" -context "software_version_and_target_device"
# webtalk_add_data -client project -key project_iteration -value "1" -context "software_version_and_target_device"
# webtalk_add_data -client project -key os_name -value "Microsoft Windows 8 or later , 64-bit" -context "user_environment"
# webtalk_add_data -client project -key os_release -value "major release  (build 9200)" -context "user_environment"
# webtalk_add_data -client project -key cpu_name -value "Intel(R) Core(TM) i9-10900K CPU @ 3.70GHz" -context "user_environment"
# webtalk_add_data -client project -key cpu_speed -value "3696 MHz" -context "user_environment"
# webtalk_add_data -client project -key total_processors -value "1" -context "user_environment"
# webtalk_add_data -client project -key system_ram -value "17.040 GB" -context "user_environment"
# webtalk_register_client -client sdk
# webtalk_add_data -client sdk -key uid -value "1635435208622" -context "sdk\\\\hardware/1635435208622"
# webtalk_add_data -client sdk -key isZynq -value "false" -context "sdk\\\\hardware/1635435208622"
# webtalk_add_data -client sdk -key isZynqMP -value "false" -context "sdk\\\\hardware/1635435208622"
# webtalk_add_data -client sdk -key Processors -value "1" -context "sdk\\\\hardware/1635435208622"
# webtalk_add_data -client sdk -key VivadoVersion -value "2019.1" -context "sdk\\\\hardware/1635435208622"
# webtalk_add_data -client sdk -key Arch -value "artix7" -context "sdk\\\\hardware/1635435208622"
# webtalk_add_data -client sdk -key Device -value "7a100t" -context "sdk\\\\hardware/1635435208622"
# webtalk_add_data -client sdk -key IsHandoff -value "true" -context "sdk\\\\hardware/1635435208622"
# webtalk_add_data -client sdk -key os -value "NA" -context "sdk\\\\hardware/1635435208622"
# webtalk_add_data -client sdk -key apptemplate -value "NA" -context "sdk\\\\hardware/1635435208622"
# webtalk_add_data -client sdk -key RecordType -value "HWCreation" -context "sdk\\\\hardware/1635435208622"
# webtalk_add_data -client sdk -key uid -value "1635435229398" -context "sdk\\\\bsp/1635435229398"
# webtalk_add_data -client sdk -key hwid -value "1635435208622" -context "sdk\\\\bsp/1635435229398"
# webtalk_add_data -client sdk -key os -value "standalone" -context "sdk\\\\bsp/1635435229398"
# webtalk_add_data -client sdk -key apptemplate -value "hello_world" -context "sdk\\\\bsp/1635435229398"
# webtalk_add_data -client sdk -key RecordType -value "BSPCreation" -context "sdk\\\\bsp/1635435229398"
# webtalk_add_data -client sdk -key uid -value "1635435232091" -context "sdk\\\\application/1635435232091"
# webtalk_add_data -client sdk -key hwid -value "1635435208622" -context "sdk\\\\application/1635435232091"
# webtalk_add_data -client sdk -key bspid -value "1635435229398" -context "sdk\\\\application/1635435232091"
# webtalk_add_data -client sdk -key newbsp -value "true" -context "sdk\\\\application/1635435232091"
# webtalk_add_data -client sdk -key os -value "standalone" -context "sdk\\\\application/1635435232091"
# webtalk_add_data -client sdk -key apptemplate -value "hello_world" -context "sdk\\\\application/1635435232091"
# webtalk_add_data -client sdk -key RecordType -value "APPCreation" -context "sdk\\\\application/1635435232091"
# webtalk_add_data -client sdk -key LangUsed -value "C" -context "sdk\\\\application/1635435232091"
# webtalk_add_data -client sdk -key Procused -value "microblaze" -context "sdk\\\\application/1635435232091"
# webtalk_add_data -client sdk -key projSize -value "84.58203125" -context "sdk\\\\application/1635435232091"
# webtalk_add_data -client sdk -key uid -value "NA" -context "sdk\\\\bsp/1635767835708"
# webtalk_add_data -client sdk -key RecordType -value "ToolUsage" -context "sdk\\\\bsp/1635767835708"
# webtalk_add_data -client sdk -key BootgenCount -value "0" -context "sdk\\\\bsp/1635767835708"
# webtalk_add_data -client sdk -key DebugCount -value "4" -context "sdk\\\\bsp/1635767835708"
# webtalk_add_data -client sdk -key PerfCount -value "0" -context "sdk\\\\bsp/1635767835708"
# webtalk_add_data -client sdk -key FlashCount -value "0" -context "sdk\\\\bsp/1635767835708"
# webtalk_add_data -client sdk -key CrossTriggCount -value "0" -context "sdk\\\\bsp/1635767835708"
# webtalk_add_data -client sdk -key QemuDebugCount -value "0" -context "sdk\\\\bsp/1635767835708"
# webtalk_transmit -clientid 169783939 -regid "" -xml F:\\General_Platform\\fpga\\demo_mcu\\demo_mcu.sdk\\webtalk\\usage_statistics_ext_sdk.xml -html F:\\General_Platform\\fpga\\demo_mcu\\demo_mcu.sdk\\webtalk\\usage_statistics_ext_sdk.html -wdm F:\\General_Platform\\fpga\\demo_mcu\\demo_mcu.sdk\\webtalk\\sdk_webtalk.wdm -intro "<H3>SDK Usage Report</H3><BR>"
INFO: [Common 17-186] 'F:\General_Platform\fpga\demo_mcu\demo_mcu.sdk\webtalk\usage_statistics_ext_sdk.xml' has been successfully sent to Xilinx on Mon Nov  1 11:57:20 2021. For additional details about this file, please refer to the WebTalk help file at D:/Xilinx/SDK/2019.1/doc/webtalk_introduction.html.
# webtalk_terminate
INFO: [Common 17-206] Exiting Webtalk at Mon Nov  1 11:57:20 2021...
